2026-06-07 14:46:31.040 [INFO] Begin to build package : Moonly by ScriptableBuildPipeline
2026-06-07 14:46:31.041 [INFO] --------------------------------------------->TaskPrepare<--------------------------------------------
2026-06-07 14:46:31.049 [INFO] Create pipeline output directory: D:/my_demo/Unity/MoonlyApp/Bundles/Android/Moonly/OutputCache
2026-06-07 14:46:31.049 [INFO] TaskPrepare It takes 0 seconds in total
2026-06-07 14:46:31.050 [INFO] --------------------------------------------->TaskGetBuildMap<--------------------------------------------
2026-06-07 14:46:32.159 [INFO] TaskGetBuildMap It takes 1 seconds in total
2026-06-07 14:46:32.159 [INFO] --------------------------------------------->TaskBuilding<--------------------------------------------
2026-06-07 14:46:42.839 [INFO] UnityEngine build success!
2026-06-07 14:46:42.840 [INFO] TaskBuilding It takes 10 seconds in total
2026-06-07 14:46:42.840 [INFO] --------------------------------------------->TaskVerifyBuildResult<--------------------------------------------
2026-06-07 14:46:42.841 [INFO] Build results verify success!
2026-06-07 14:46:42.841 [INFO] TaskVerifyBuildResult It takes 0 seconds in total
2026-06-07 14:46:42.843 [INFO] --------------------------------------------->TaskEncryption<--------------------------------------------
2026-06-07 14:46:42.843 [INFO] TaskEncryption It takes 0 seconds in total
2026-06-07 14:46:42.843 [INFO] --------------------------------------------->TaskUpdateBundleInfo<--------------------------------------------
2026-06-07 14:46:42.846 [INFO] TaskUpdateBundleInfo It takes 0 seconds in total
2026-06-07 14:46:42.846 [INFO] --------------------------------------------->TaskCreateManifest<--------------------------------------------
2026-06-07 14:46:42.853 [INFO] Create package manifest file: D:/my_demo/Unity/MoonlyApp/Bundles/Android/Moonly/1.0/Moonly_1.0.json
2026-06-07 14:46:42.876 [INFO] Create package manifest file: D:/my_demo/Unity/MoonlyApp/Bundles/Android/Moonly/1.0/Moonly_1.0.bytes
2026-06-07 14:46:42.878 [INFO] Create package manifest hash file: D:/my_demo/Unity/MoonlyApp/Bundles/Android/Moonly/1.0/Moonly_1.0.hash
2026-06-07 14:46:42.878 [INFO] Create package manifest version file: D:/my_demo/Unity/MoonlyApp/Bundles/Android/Moonly/1.0/Moonly.version
2026-06-07 14:46:42.881 [INFO] TaskCreateManifest It takes 0 seconds in total
2026-06-07 14:46:42.881 [INFO] --------------------------------------------->TaskCreateReport<--------------------------------------------
2026-06-07 14:46:42.886 [INFO] Create build report file: D:/my_demo/Unity/MoonlyApp/Bundles/Android/Moonly/1.0/Moonly_1.0.report
2026-06-07 14:46:42.886 [INFO] TaskCreateReport It takes 0 seconds in total
2026-06-07 14:46:42.886 [INFO] --------------------------------------------->TaskCreatePackage<--------------------------------------------
2026-06-07 14:46:42.886 [INFO] Start making patch package: D:/my_demo/Unity/MoonlyApp/Bundles/Android/Moonly/1.0
2026-06-07 14:46:42.890 [INFO] TaskCreatePackage It takes 0 seconds in total
2026-06-07 14:46:42.890 [INFO] --------------------------------------------->TaskCopyBuildinFiles<--------------------------------------------
2026-06-07 14:46:42.992 [INFO] Buildin files copy complete: D:/my_demo/Unity/MoonlyApp/Assets/StreamingAssets/yoo/Moonly
2026-06-07 14:46:42.992 [INFO] TaskCopyBuildinFiles It takes 0 seconds in total
2026-06-07 14:46:42.992 [INFO] --------------------------------------------->TaskCreateCatalog<--------------------------------------------
2026-06-07 14:46:43.086 [INFO] TaskCreateCatalog It takes 0 seconds in total
2026-06-07 14:46:43.086 [INFO] Total build process time: 11 seconds
2026-06-07 14:46:43.086 [INFO] Resource pipeline build success
