2026-06-07 23:35:37.903 [INFO] Begin to build package : DefaultPackage by ScriptableBuildPipeline
2026-06-07 23:35:37.903 [INFO] --------------------------------------------->TaskPrepare<--------------------------------------------
2026-06-07 23:35:37.905 [INFO] TaskPrepare It takes 0 seconds in total
2026-06-07 23:35:37.905 [INFO] --------------------------------------------->TaskGetBuildMap<--------------------------------------------
2026-06-07 23:35:38.623 [INFO] TaskGetBuildMap It takes 0 seconds in total
2026-06-07 23:35:38.624 [INFO] --------------------------------------------->TaskBuilding<--------------------------------------------
2026-06-07 23:35:42.772 [INFO] UnityEngine build success!
2026-06-07 23:35:42.772 [INFO] TaskBuilding It takes 4 seconds in total
2026-06-07 23:35:42.772 [INFO] --------------------------------------------->TaskVerifyBuildResult<--------------------------------------------
2026-06-07 23:35:42.774 [INFO] Build results verify success!
2026-06-07 23:35:42.774 [INFO] TaskVerifyBuildResult It takes 0 seconds in total
2026-06-07 23:35:42.775 [INFO] --------------------------------------------->TaskEncryption<--------------------------------------------
2026-06-07 23:35:42.775 [INFO] TaskEncryption It takes 0 seconds in total
2026-06-07 23:35:42.775 [INFO] --------------------------------------------->TaskUpdateBundleInfo<--------------------------------------------
2026-06-07 23:35:42.778 [INFO] TaskUpdateBundleInfo It takes 0 seconds in total
2026-06-07 23:35:42.778 [INFO] --------------------------------------------->TaskCreateManifest<--------------------------------------------
2026-06-07 23:35:42.779 [WARN] [ErrorCode601] Found stray bundle ! Bundle ID : 4 Bundle name : unityshaders.bundle
2026-06-07 23:35:42.781 [INFO] Create package manifest file: D:/my_demo/Unity/MoonlyApp/Bundles/Android/DefaultPackage/2026-06-07-1415/DefaultPackage_2026-06-07-1415.json
2026-06-07 23:35:42.793 [INFO] Create package manifest file: D:/my_demo/Unity/MoonlyApp/Bundles/Android/DefaultPackage/2026-06-07-1415/DefaultPackage_2026-06-07-1415.bytes
2026-06-07 23:35:42.795 [INFO] Create package manifest hash file: D:/my_demo/Unity/MoonlyApp/Bundles/Android/DefaultPackage/2026-06-07-1415/DefaultPackage_2026-06-07-1415.hash
2026-06-07 23:35:42.795 [INFO] Create package manifest version file: D:/my_demo/Unity/MoonlyApp/Bundles/Android/DefaultPackage/2026-06-07-1415/DefaultPackage.version
2026-06-07 23:35:42.796 [INFO] TaskCreateManifest It takes 0 seconds in total
2026-06-07 23:35:42.796 [INFO] --------------------------------------------->TaskCreateReport<--------------------------------------------
2026-06-07 23:35:42.801 [INFO] Create build report file: D:/my_demo/Unity/MoonlyApp/Bundles/Android/DefaultPackage/2026-06-07-1415/DefaultPackage_2026-06-07-1415.report
2026-06-07 23:35:42.801 [INFO] TaskCreateReport It takes 0 seconds in total
2026-06-07 23:35:42.801 [INFO] --------------------------------------------->TaskCreatePackage<--------------------------------------------
2026-06-07 23:35:42.802 [INFO] Start making patch package: D:/my_demo/Unity/MoonlyApp/Bundles/Android/DefaultPackage/2026-06-07-1415
2026-06-07 23:35:42.808 [INFO] TaskCreatePackage It takes 0 seconds in total
2026-06-07 23:35:42.809 [INFO] --------------------------------------------->TaskCopyBuildinFiles<--------------------------------------------
2026-06-07 23:35:42.936 [INFO] Buildin files copy complete: D:/my_demo/Unity/MoonlyApp/Assets/StreamingAssets/yoo/DefaultPackage
2026-06-07 23:35:42.936 [INFO] TaskCopyBuildinFiles It takes 0 seconds in total
2026-06-07 23:35:42.936 [INFO] --------------------------------------------->TaskCreateCatalog<--------------------------------------------
2026-06-07 23:35:43.039 [INFO] TaskCreateCatalog It takes 0 seconds in total
2026-06-07 23:35:43.040 [INFO] Total build process time: 4 seconds
2026-06-07 23:35:43.040 [INFO] Resource pipeline build success
