2026-06-09 17:50:32.804 [INFO] Begin to build package : DefaultPackage by ScriptableBuildPipeline
2026-06-09 17:50:32.804 [INFO] --------------------------------------------->TaskPrepare<--------------------------------------------
2026-06-09 17:50:32.805 [INFO] TaskPrepare It takes 0 seconds in total
2026-06-09 17:50:32.805 [INFO] --------------------------------------------->TaskGetBuildMap<--------------------------------------------
2026-06-09 17:50:33.590 [INFO] TaskGetBuildMap It takes 0 seconds in total
2026-06-09 17:50:33.590 [INFO] --------------------------------------------->TaskBuilding<--------------------------------------------
2026-06-09 17:50:36.400 [INFO] UnityEngine build success!
2026-06-09 17:50:36.400 [INFO] TaskBuilding It takes 2 seconds in total
2026-06-09 17:50:36.400 [INFO] --------------------------------------------->TaskVerifyBuildResult<--------------------------------------------
2026-06-09 17:50:36.402 [INFO] Build results verify success!
2026-06-09 17:50:36.402 [INFO] TaskVerifyBuildResult It takes 0 seconds in total
2026-06-09 17:50:36.402 [INFO] --------------------------------------------->TaskEncryption<--------------------------------------------
2026-06-09 17:50:36.402 [INFO] TaskEncryption It takes 0 seconds in total
2026-06-09 17:50:36.402 [INFO] --------------------------------------------->TaskUpdateBundleInfo<--------------------------------------------
2026-06-09 17:50:36.415 [INFO] TaskUpdateBundleInfo It takes 0 seconds in total
2026-06-09 17:50:36.416 [INFO] --------------------------------------------->TaskCreateManifest<--------------------------------------------
2026-06-09 17:50:36.416 [WARN] [ErrorCode601] Found stray bundle ! Bundle ID : 16 Bundle name : unityshaders.bundle
2026-06-09 17:50:36.417 [INFO] Create package manifest file: /Users/kittenhao/Unity/UnityDemo/MoonlyApp/Bundles/StandaloneOSX/DefaultPackage/2026-06-09-1070/DefaultPackage_2026-06-09-1070.json
2026-06-09 17:50:36.426 [INFO] Create package manifest file: /Users/kittenhao/Unity/UnityDemo/MoonlyApp/Bundles/StandaloneOSX/DefaultPackage/2026-06-09-1070/DefaultPackage_2026-06-09-1070.bytes
2026-06-09 17:50:36.426 [INFO] Create package manifest hash file: /Users/kittenhao/Unity/UnityDemo/MoonlyApp/Bundles/StandaloneOSX/DefaultPackage/2026-06-09-1070/DefaultPackage_2026-06-09-1070.hash
2026-06-09 17:50:36.427 [INFO] Create package manifest version file: /Users/kittenhao/Unity/UnityDemo/MoonlyApp/Bundles/StandaloneOSX/DefaultPackage/2026-06-09-1070/DefaultPackage.version
2026-06-09 17:50:36.427 [INFO] TaskCreateManifest It takes 0 seconds in total
2026-06-09 17:50:36.427 [INFO] --------------------------------------------->TaskCreateReport<--------------------------------------------
2026-06-09 17:50:36.430 [INFO] Create build report file: /Users/kittenhao/Unity/UnityDemo/MoonlyApp/Bundles/StandaloneOSX/DefaultPackage/2026-06-09-1070/DefaultPackage_2026-06-09-1070.report
2026-06-09 17:50:36.430 [INFO] TaskCreateReport It takes 0 seconds in total
2026-06-09 17:50:36.430 [INFO] --------------------------------------------->TaskCreatePackage<--------------------------------------------
2026-06-09 17:50:36.430 [INFO] Start making patch package: /Users/kittenhao/Unity/UnityDemo/MoonlyApp/Bundles/StandaloneOSX/DefaultPackage/2026-06-09-1070
2026-06-09 17:50:36.455 [INFO] TaskCreatePackage It takes 0 seconds in total
2026-06-09 17:50:36.456 [INFO] --------------------------------------------->TaskCopyBuildinFiles<--------------------------------------------
2026-06-09 17:50:37.413 [INFO] Buildin files copy complete: /Users/kittenhao/Unity/UnityDemo/MoonlyApp/Assets/StreamingAssets/yoo/DefaultPackage
2026-06-09 17:50:37.413 [INFO] TaskCopyBuildinFiles It takes 0 seconds in total
2026-06-09 17:50:37.413 [INFO] --------------------------------------------->TaskCreateCatalog<--------------------------------------------
2026-06-09 17:50:37.844 [INFO] TaskCreateCatalog It takes 0 seconds in total
2026-06-09 17:50:37.844 [INFO] Total build process time: 2 seconds
2026-06-09 17:50:37.844 [INFO] Resource pipeline build success
